<?xml version="1.0" encoding="UTF-8"?>
<!-- Generated by org.testng.reporters.JUnitXMLReporter -->
<testsuite ignored="0" hostname="supriya" failures="0" tests="4" name="Test" time="0.1" errors="0" timestamp="2024-07-02T15:40:32 IST">
  <testcase classname="pac1.ContactTest" name="createcontactTest" time="0.008"/>
  <testcase classname="pac1.ContactTest" name="modifycontactTest" time="0.0"/>
  <testcase classname="pac2.OrgTest" name="createOrgTest" time="0.001"/>
  <testcase classname="pac2.OrgTest" name="modifyOrgTest" time="0.002"/>
</testsuite> <!-- Test -->
